<?xml version="1.0" encoding="UTF-8"?>
<!-- Generated by org.testng.reporters.JUnitReportReporter -->
<testsuite hostname="DESKTOP-9O8LK16" failures="0" tests="2" name="com.Ecommerce.guru99.Compare_Product" time="86.157" errors="0" timestamp="2023-02-06T13:22:04 IST" skipped="0">
  <testcase classname="com.Ecommerce.guru99.Compare_Product" name="verify1" time="4.974"/>
  <system-out/>
  <testcase classname="com.Ecommerce.guru99.Compare_Product" name="verify" time="81.183"/>
  <system-out/>
</testsuite> <!-- com.Ecommerce.guru99.Compare_Product -->
