<?xml version="1.0" encoding="UTF-8"?>
<!-- Generated by org.testng.reporters.JUnitReportReporter -->
<testsuite hostname="DESKTOP-9O8LK16" failures="0" tests="1" name="com.packages.Login" time="49.072" errors="0" timestamp="2023-01-28T13:55:51 IST" skipped="0">
  <testcase classname="com.packages.Login" name="methods" time="49.072"/>
  <system-out/>
</testsuite> <!-- com.packages.Login -->
