<?xml version="1.0" encoding="UTF-8"?>
<!-- Generated by org.testng.reporters.JUnitReportReporter -->
<testsuite hostname="DESKTOP-9O8LK16" failures="0" tests="3" name="com.Ecommerce.guru99.Compare_Product" time="28.189" errors="0" timestamp="2023-02-10T15:45:05 IST" skipped="0">
  <testcase classname="com.Ecommerce.guru99.Compare_Product" name="verify1" time="12.036"/>
  <system-out/>
  <testcase classname="com.Ecommerce.guru99.Compare_Product" name="verify" time="15.885"/>
  <system-out/>
  <testcase classname="com.Ecommerce.guru99.Compare_Product" name="handleWindow" time="0.268"/>
  <system-out/>
</testsuite> <!-- com.Ecommerce.guru99.Compare_Product -->
