<?xml version="1.0" encoding="UTF-8"?>
<!-- Generated by org.testng.reporters.JUnitReportReporter -->
<testsuite hostname="DESKTOP-9O8LK16" failures="0" tests="3" name="com.Ecommerce.guru99.RegisterAcc" time="16.132" errors="0" timestamp="2023-02-25T19:18:02 IST" skipped="0">
  <testcase classname="com.Ecommerce.guru99.RegisterAcc" name="verify" time="6.165"/>
  <system-out/>
  <testcase classname="com.Ecommerce.guru99.RegisterAcc" name="verify1" time="3.496"/>
  <system-out/>
  <testcase classname="com.Ecommerce.guru99.RegisterAcc" name="verify2" time="6.471"/>
  <system-out/>
</testsuite> <!-- com.Ecommerce.guru99.RegisterAcc -->
