<?xml version="1.0" encoding="UTF-8"?>
<!-- Generated by org.testng.reporters.JUnitReportReporter -->
<testsuite hostname="DESKTOP-9O8LK16" failures="0" tests="6" name="com.Ecommerce.guru99.VerifyApp" time="21.810" errors="0" timestamp="2023-01-30T19:52:42 IST" skipped="1">
  <testcase classname="com.Ecommerce.guru99.VerifyApp" name="verify6" time="5.808"/>
  <system-out/>
  <testcase classname="com.Ecommerce.guru99.VerifyApp" name="verify" time="12.032"/>
  <system-out/>
  <testcase classname="com.Ecommerce.guru99.VerifyApp" name="verify1" time="2.554"/>
  <system-out/>
  <testcase classname="com.Ecommerce.guru99.VerifyApp" name="verify3" time="0.011"/>
  <system-out/>
  <testcase classname="com.Ecommerce.guru99.VerifyApp" name="verify4" time="1.405"/>
  <system-out/>
  <testcase classname="com.Ecommerce.guru99.VerifyApp" name="verify5">
    <skipped/>
  </testcase> <!-- verify5 -->
  <system-out/>
</testsuite> <!-- com.Ecommerce.guru99.VerifyApp -->
