<?xml version="1.0" encoding="UTF-8"?>
<!-- Generated by org.testng.reporters.JUnitReportReporter -->
<testsuite hostname="DESKTOP-9O8LK16" failures="0" tests="1" name="com.packages.CollegeAddress" time="3228.984" errors="0" timestamp="2023-02-03T15:39:01 IST" skipped="0">
  <testcase classname="com.packages.CollegeAddress" name="address" time="3228.984"/>
  <system-out/>
</testsuite> <!-- com.packages.CollegeAddress -->
