<?xml version="1.0" encoding="UTF-8"?>
<!-- Generated by org.testng.reporters.JUnitReportReporter -->
<testsuite hostname="DESKTOP-9O8LK16" failures="0" tests="1" name="com.Ecommerce.guru99.Flipkart" time="16.523" errors="0" timestamp="2023-02-17T07:53:03 IST" skipped="0">
  <testcase classname="com.Ecommerce.guru99.Flipkart" name="launch_Browser" time="16.523"/>
  <system-out/>
</testsuite> <!-- com.Ecommerce.guru99.Flipkart -->
