<?xml version="1.0" encoding="UTF-8"?>
<!-- Generated by org.testng.reporters.JUnitReportReporter -->
<testsuite hostname="DESKTOP-9O8LK16" failures="0" tests="3" name="com.Ecommerce.guru99.Compare_Product" time="13.218" errors="0" timestamp="2023-02-19T18:30:54 IST" skipped="0">
  <testcase classname="com.Ecommerce.guru99.Compare_Product" name="verify1" time="5.016"/>
  <system-out/>
  <testcase classname="com.Ecommerce.guru99.Compare_Product" name="verify" time="6.706"/>
  <system-out/>
  <testcase classname="com.Ecommerce.guru99.Compare_Product" name="handleWindow" time="1.496"/>
  <system-out/>
</testsuite> <!-- com.Ecommerce.guru99.Compare_Product -->
